<?xml version="1.0" encoding="UTF-8"?>
<!-- Generated by org.testng.reporters.JUnitReportReporter -->
<testsuite hostname="IBM-PF3DZ8GN" failures="0" tests="3" name="testNG.BeforeAfterMethod_TestNG" time="0.015" errors="0" timestamp="2023-06-06T14:48:50 IST" skipped="0">
  <testcase classname="testNG.BeforeAfterMethod_TestNG" name="IMPSTransfer" time="0.007"/>
  <system-out/>
  <testcase classname="testNG.BeforeAfterMethod_TestNG" name="NEFTTransfer" time="0.006"/>
  <system-out/>
  <testcase classname="testNG.BeforeAfterMethod_TestNG" name="RTGSTransfer" time="0.002"/>
  <system-out/>
</testsuite> <!-- testNG.BeforeAfterMethod_TestNG -->
