<?xml version="1.0" encoding="UTF-8"?>
<!-- Generated by org.testng.reporters.JUnitReportReporter -->
<testsuite skipped="0" hostname="LIN34001526" name="testNG.BeforeAfterClass_TestNG" tests="3" failures="0" timestamp="2021-11-01T18:28:01 IST" time="0.026" errors="0">
  <testcase name="IMPSTransfer" time="0.017" classname="testNG.BeforeAfterClass_TestNG"/>
  <system-out/>
  <testcase name="NEFTTransfer" time="0.003" classname="testNG.BeforeAfterClass_TestNG"/>
  <system-out/>
  <testcase name="RTGSTransfer" time="0.006" classname="testNG.BeforeAfterClass_TestNG"/>
  <system-out/>
</testsuite> <!-- testNG.BeforeAfterClass_TestNG -->
