<?xml version="1.0" encoding="UTF-8"?>
<!-- Generated by org.testng.reporters.JUnitReportReporter -->
<testsuite skipped="0" hostname="LIN34001526" name="dataProvider.WriteDataToExcel" tests="3" failures="0" timestamp="2021-11-30T13:38:05 IST" time="12.939" errors="0">
  <testcase name="login" time="9.852" classname="dataProvider.WriteDataToExcel"/>
  <system-out/>
  <testcase name="login" time="2.178" classname="dataProvider.WriteDataToExcel"/>
  <system-out/>
  <testcase name="login" time="0.909" classname="dataProvider.WriteDataToExcel"/>
  <system-out/>
</testsuite> <!-- dataProvider.WriteDataToExcel -->
