<?xml version="1.0" encoding="UTF-8"?>
<!-- Generated by org.testng.reporters.JUnitReportReporter -->
<testsuite skipped="2" hostname="LIN34001526" name="testNgListeners.ListenersDemo2" tests="6" failures="0" timestamp="2021-10-01T16:38:35 IST" time="0.026" errors="0">
  <testcase name="Login" time="0.017" classname="testNgListeners.ListenersDemo2"/>
  <system-out/>
  <testcase name="BalanceCheck" time="0.003" classname="testNgListeners.ListenersDemo2"/>
  <system-out/>
  <testcase name="IMPSTransfer" time="0.003" classname="testNgListeners.ListenersDemo2"/>
  <system-out/>
  <testcase name="Logout" time="0.003" classname="testNgListeners.ListenersDemo2"/>
  <system-out/>
  <testcase name="NEFTTransfer" classname="testNgListeners.ListenersDemo2">
    <skipped/>
  </testcase> <!-- NEFTTransfer -->
  <system-out/>
  <testcase name="RTGSTransfer" classname="testNgListeners.ListenersDemo2">
    <skipped/>
  </testcase> <!-- RTGSTransfer -->
  <system-out/>
</testsuite> <!-- testNgListeners.ListenersDemo2 -->
