<?xml version="1.0" encoding="UTF-8"?>
<!-- Generated by org.testng.reporters.JUnitReportReporter -->
<testsuite skipped="0" hostname="LIN34001526" name="testNG.WebTable" tests="1" failures="0" timestamp="2022-01-10T17:54:53 IST" time="37.663" errors="0">
  <testcase name="selectionOfOptions" time="37.663" classname="testNG.WebTable"/>
  <system-out/>
</testsuite> <!-- testNG.WebTable -->
