<?xml version="1.0" encoding="UTF-8"?>
<!-- Generated by org.testng.reporters.JUnitReportReporter -->
<testsuite skipped="0" hostname="LIN34001526" name="testNG.TestNgIntro" tests="2" failures="0" timestamp="2021-09-21T14:41:26 IST" time="0.013" errors="0">
  <testcase name="RTGSTransfer" time="0.011" classname="testNG.TestNgIntro"/>
  <system-out/>
  <testcase name="IMPSTransfer" time="0.002" classname="testNG.TestNgIntro"/>
  <system-out/>
</testsuite> <!-- testNG.TestNgIntro -->
